<?xml version="1.0" encoding="utf-8"?><testsuites><testsuite name="pytest" errors="0" failures="0" skipped="0" tests="2" time="1.205" timestamp="2023-08-09T22:05:06.821543" hostname="boriss-mbp.lan"><testcase classname="mariadb_skysql.tests.test_mariadb_skysql" name="test_check_mock_mariadb_skysql" time="0.076" /><testcase classname="mariadb_skysql.tests.test_mariadb_skysql" name="test_invalid_endpoint" time="0.067" /></testsuite></testsuites>