<?xml version="1.0" encoding="utf-8"?><testsuites><testsuite name="pytest" errors="0" failures="3" skipped="0" tests="5" time="7.560" timestamp="2023-07-14T14:45:05.615858" hostname="Rocket.local"><testcase classname="upbound_uxp.tests.test_upbound_uxp" name="test_service_check" time="1.332" /><testcase classname="upbound_uxp.tests.test_upbound_uxp" name="test_check_min" time="1.318"><failure message="AssertionError: Needed at least 1 candidates for 'uxp.rest_client_requests_total', got 0&#10;  Expected:&#10;          MetricStub(name='uxp.rest_client_requests_total', type=None, value=None, tags=None, hostname=None, device=None, flush_first_value=None)&#10;  Similar submitted:&#10;  Score   Most similar&#10;  0.61    MetricStub(name='uxp.process_cpu_seconds_total', type=2, value=11.94, tags=['pod:crossplane-dd4b6cfd-dcf4l'], hostname='', device=None, flush_first_value=False)&#10;  0.61    MetricStub(name='uxp.process_cpu_seconds_total', type=2, value=9.75, tags=['pod:provider-aws-ec2-3813c44100be-7bb69d4487-k6d6s'], hostname='', device=None, flush_first_value=False)&#10;  0.61    MetricStub(name='uxp.process_cpu_seconds_total', type=2, value=6.72, tags=['pod:provider-aws-s3-bbcd4602ab31-7f9fc9f66f-pfmjd'], hostname='', device=None, flush_first_value=False)&#10;  0.61    MetricStub(name='uxp.process_cpu_seconds_total', type=2, value=6.5, tags=['pod:provider-aws-rds-df5a21403110-565494d5f4-nmdrm'], hostname='', device=None, flush_first_value=False)&#10;  0.61    MetricStub(name='uxp.process_cpu_seconds_total', type=2, value=6.0, tags=['pod:provider-aws-eks-b6c58cb2fbb7-7d58c7dd4b-qlx4f'], hostname='', device=None, flush_first_value=False)&#10;  0.61    MetricStub(name='uxp.process_cpu_seconds_total', type=2, value=5.75, tags=['pod:upbound-release-candidates-provider-family-aws-52a00789ffasz64p'], hostname='', device=None, flush_first_value=False)&#10;  0.61    MetricStub(name='uxp.process_cpu_seconds_total', type=2, value=2.45, tags=['pod:crossplane-rbac-manager-997f6667f-z2pft'], hostname='', device=None, flush_first_value=False)&#10;  0.61    MetricStub(name='uxp.process_cpu_seconds_total', type=2, value=0.84, tags=['pod:provider-helm-503c3591121b-6897855d9b-hr2fw'], hostname='', device=None, flush_first_value=False)&#10;  0.56    MetricStub(name='uxp.workqueue_adds_total', type=2, value=238.0, tags=['name:rbac/providerrevision.pkg.crossplane.io', 'pod:crossplane-rbac-manager-997f6667f-z2pft'], hostname='', device=None, flush_first_value=False)&#10;  0.56    MetricStub(name='uxp.workqueue_adds_total', type=2, value=202.0, tags=['name:rbac/namespace', 'pod:crossplane-rbac-manager-997f6667f-z2pft'], hostname='', device=None, flush_first_value=False)&#10;  0.56    MetricStub(name='uxp.workqueue_adds_total', type=2, value=60.0, tags=['name:packages/providerrevision.pkg.crossplane.io', 'pod:crossplane-dd4b6cfd-dcf4l'], hostname='', device=None, flush_first_value=False)&#10;  0.56    MetricStub(name='uxp.workqueue_adds_total', type=2, value=59.0, tags=['name:packages/provider.pkg.crossplane.io', 'pod:crossplane-dd4b6cfd-dcf4l'], hostname='', device=None, flush_first_value=False)&#10;  0.56    MetricStub(name='uxp.workqueue_adds_total', type=2, value=8.0, tags=['name:packages/lock.pkg.crossplane.io', 'pod:crossplane-dd4b6cfd-dcf4l'], hostname='', device=None, flush_first_value=False)&#10;  0.56    MetricStub(name='uxp.workqueue_adds_total', type=2, value=0.0, tags=['name:revisions/composition.apiextensions.crossplane.io', 'pod:crossplane-dd4b6cfd-dcf4l'], hostname='', device=None, flush_first_value=False)&#10;  0.56    MetricStub(name='uxp.workqueue_adds_total', type=2, value=0.0, tags=['name:rbac/compositeresourcedefinition.apiextensions.crossplane.io', 'pod:crossplane-rbac-manager-997f6667f-z2pft'], hostname='', device=None, flush_first_value=False)&#10;assert False">#x1B[1m#x1B[31mtests/test_upbound_uxp.py#x1B[0m:32: in test_check_min
    aggregator.assert_metric(#x1B[33m'#x1B[39;49;00m#x1B[33muxp.rest_client_requests_total#x1B[39;49;00m#x1B[33m'#x1B[39;49;00m)#x1B[90m#x1B[39;49;00m
#x1B[1m#x1B[31m../../../Library/Application Support/hatch/env/virtual/datadog-upbound-uxp/Jq9hiD8n/py3.9/lib/python3.9/site-packages/datadog_checks/base/stubs/aggregator.py#x1B[0m:368: in assert_metric
    #x1B[96mself#x1B[39;49;00m._assert(condition, msg=msg, expected_stub=expected_metric, submitted_elements=#x1B[96mself#x1B[39;49;00m._metrics)#x1B[90m#x1B[39;49;00m
#x1B[1m#x1B[31m../../../Library/Application Support/hatch/env/virtual/datadog-upbound-uxp/Jq9hiD8n/py3.9/lib/python3.9/site-packages/datadog_checks/base/stubs/aggregator.py#x1B[0m:410: in _assert
    #x1B[94massert#x1B[39;49;00m condition, new_msg#x1B[90m#x1B[39;49;00m
#x1B[1m#x1B[31mE   AssertionError: Needed at least 1 candidates for 'uxp.rest_client_requests_total', got 0#x1B[0m
#x1B[1m#x1B[31mE     Expected:#x1B[0m
#x1B[1m#x1B[31mE             MetricStub(name='uxp.rest_client_requests_total', type=None, value=None, tags=None, hostname=None, device=None, flush_first_value=None)#x1B[0m
#x1B[1m#x1B[31mE     Similar submitted:#x1B[0m
#x1B[1m#x1B[31mE     Score   Most similar#x1B[0m
#x1B[1m#x1B[31mE     0.61    MetricStub(name='uxp.process_cpu_seconds_total', type=2, value=11.94, tags=['pod:crossplane-dd4b6cfd-dcf4l'], hostname='', device=None, flush_first_value=False)#x1B[0m
#x1B[1m#x1B[31mE     0.61    MetricStub(name='uxp.process_cpu_seconds_total', type=2, value=9.75, tags=['pod:provider-aws-ec2-3813c44100be-7bb69d4487-k6d6s'], hostname='', device=None, flush_first_value=False)#x1B[0m
#x1B[1m#x1B[31mE     0.61    MetricStub(name='uxp.process_cpu_seconds_total', type=2, value=6.72, tags=['pod:provider-aws-s3-bbcd4602ab31-7f9fc9f66f-pfmjd'], hostname='', device=None, flush_first_value=False)#x1B[0m
#x1B[1m#x1B[31mE     0.61    MetricStub(name='uxp.process_cpu_seconds_total', type=2, value=6.5, tags=['pod:provider-aws-rds-df5a21403110-565494d5f4-nmdrm'], hostname='', device=None, flush_first_value=False)#x1B[0m
#x1B[1m#x1B[31mE     0.61    MetricStub(name='uxp.process_cpu_seconds_total', type=2, value=6.0, tags=['pod:provider-aws-eks-b6c58cb2fbb7-7d58c7dd4b-qlx4f'], hostname='', device=None, flush_first_value=False)#x1B[0m
#x1B[1m#x1B[31mE     0.61    MetricStub(name='uxp.process_cpu_seconds_total', type=2, value=5.75, tags=['pod:upbound-release-candidates-provider-family-aws-52a00789ffasz64p'], hostname='', device=None, flush_first_value=False)#x1B[0m
#x1B[1m#x1B[31mE     0.61    MetricStub(name='uxp.process_cpu_seconds_total', type=2, value=2.45, tags=['pod:crossplane-rbac-manager-997f6667f-z2pft'], hostname='', device=None, flush_first_value=False)#x1B[0m
#x1B[1m#x1B[31mE     0.61    MetricStub(name='uxp.process_cpu_seconds_total', type=2, value=0.84, tags=['pod:provider-helm-503c3591121b-6897855d9b-hr2fw'], hostname='', device=None, flush_first_value=False)#x1B[0m
#x1B[1m#x1B[31mE     0.56    MetricStub(name='uxp.workqueue_adds_total', type=2, value=238.0, tags=['name:rbac/providerrevision.pkg.crossplane.io', 'pod:crossplane-rbac-manager-997f6667f-z2pft'], hostname='', device=None, flush_first_value=False)#x1B[0m
#x1B[1m#x1B[31mE     0.56    MetricStub(name='uxp.workqueue_adds_total', type=2, value=202.0, tags=['name:rbac/namespace', 'pod:crossplane-rbac-manager-997f6667f-z2pft'], hostname='', device=None, flush_first_value=False)#x1B[0m
#x1B[1m#x1B[31mE     0.56    MetricStub(name='uxp.workqueue_adds_total', type=2, value=60.0, tags=['name:packages/providerrevision.pkg.crossplane.io', 'pod:crossplane-dd4b6cfd-dcf4l'], hostname='', device=None, flush_first_value=False)#x1B[0m
#x1B[1m#x1B[31mE     0.56    MetricStub(name='uxp.workqueue_adds_total', type=2, value=59.0, tags=['name:packages/provider.pkg.crossplane.io', 'pod:crossplane-dd4b6cfd-dcf4l'], hostname='', device=None, flush_first_value=False)#x1B[0m
#x1B[1m#x1B[31mE     0.56    MetricStub(name='uxp.workqueue_adds_total', type=2, value=8.0, tags=['name:packages/lock.pkg.crossplane.io', 'pod:crossplane-dd4b6cfd-dcf4l'], hostname='', device=None, flush_first_value=False)#x1B[0m
#x1B[1m#x1B[31mE     0.56    MetricStub(name='uxp.workqueue_adds_total', type=2, value=0.0, tags=['name:revisions/composition.apiextensions.crossplane.io', 'pod:crossplane-dd4b6cfd-dcf4l'], hostname='', device=None, flush_first_value=False)#x1B[0m
#x1B[1m#x1B[31mE     0.56    MetricStub(name='uxp.workqueue_adds_total', type=2, value=0.0, tags=['name:rbac/compositeresourcedefinition.apiextensions.crossplane.io', 'pod:crossplane-rbac-manager-997f6667f-z2pft'], hostname='', device=None, flush_first_value=False)#x1B[0m
#x1B[1m#x1B[31mE   assert False#x1B[0m</failure></testcase><testcase classname="upbound_uxp.tests.test_upbound_uxp" name="test_check_more" time="1.781"><failure message="AssertionError: Needed at least 1 candidates for 'uxp.rest_client_requests_total', got 0&#10;  Expected:&#10;          MetricStub(name='uxp.rest_client_requests_total', type=None, value=None, tags=None, hostname=None, device=None, flush_first_value=None)&#10;  Similar submitted:&#10;  Score   Most similar&#10;  0.63    MetricStub(name='uxp.workqueue_retries_total', type=2, value=37.0, tags=['name:packages/providerrevision.pkg.crossplane.io', 'pod:crossplane-dd4b6cfd-dcf4l'], hostname='', device=None, flush_first_value=False)&#10;  0.63    MetricStub(name='uxp.workqueue_retries_total', type=2, value=26.0, tags=['name:rbac/providerrevision.pkg.crossplane.io', 'pod:crossplane-rbac-manager-997f6667f-z2pft'], hostname='', device=None, flush_first_value=False)&#10;  0.63    MetricStub(name='uxp.workqueue_retries_total', type=2, value=5.0, tags=['name:rbac/namespace', 'pod:crossplane-rbac-manager-997f6667f-z2pft'], hostname='', device=None, flush_first_value=False)&#10;  0.63    MetricStub(name='uxp.workqueue_retries_total', type=2, value=2.0, tags=['name:packages/provider.pkg.crossplane.io', 'pod:crossplane-dd4b6cfd-dcf4l'], hostname='', device=None, flush_first_value=False)&#10;  0.63    MetricStub(name='uxp.workqueue_retries_total', type=2, value=2.0, tags=['name:packages/lock.pkg.crossplane.io', 'pod:crossplane-dd4b6cfd-dcf4l'], hostname='', device=None, flush_first_value=False)&#10;  0.63    MetricStub(name='uxp.workqueue_retries_total', type=2, value=0.0, tags=['name:revisions/composition.apiextensions.crossplane.io', 'pod:crossplane-dd4b6cfd-dcf4l'], hostname='', device=None, flush_first_value=False)&#10;  0.63    MetricStub(name='uxp.workqueue_retries_total', type=2, value=0.0, tags=['name:rbac/compositeresourcedefinition.apiextensions.crossplane.io', 'pod:crossplane-rbac-manager-997f6667f-z2pft'], hostname='', device=None, flush_first_value=False)&#10;  0.63    MetricStub(name='uxp.workqueue_retries_total', type=2, value=0.0, tags=['name:providerconfig/providerconfig.helm.crossplane.io', 'pod:provider-helm-503c3591121b-6897855d9b-hr2fw'], hostname='', device=None, flush_first_value=False)&#10;  0.63    MetricStub(name='uxp.workqueue_retries_total', type=2, value=0.0, tags=['name:providerconfig/providerconfig.aws.upbound.io', 'pod:upbound-release-candidates-provider-family-aws-52a00789ffasz64p'], hostname='', device=None, flush_first_value=False)&#10;  0.63    MetricStub(name='uxp.workqueue_retries_total', type=2, value=0.0, tags=['name:packages/configurationrevision.pkg.crossplane.io', 'pod:crossplane-dd4b6cfd-dcf4l'], hostname='', device=None, flush_first_value=False)&#10;  0.63    MetricStub(name='uxp.workqueue_retries_total', type=2, value=0.0, tags=['name:packages/configuration.pkg.crossplane.io', 'pod:crossplane-dd4b6cfd-dcf4l'], hostname='', device=None, flush_first_value=False)&#10;  0.63    MetricStub(name='uxp.workqueue_retries_total', type=2, value=0.0, tags=['name:offered/compositeresourcedefinition.apiextensions.crossplane.io', 'pod:crossplane-dd4b6cfd-dcf4l'], hostname='', device=None, flush_first_value=False)&#10;  0.63    MetricStub(name='uxp.workqueue_retries_total', type=2, value=0.0, tags=['name:managed/release.helm.crossplane.io', 'pod:provider-helm-503c3591121b-6897855d9b-hr2fw'], hostname='', device=None, flush_first_value=False)&#10;  0.63    MetricStub(name='uxp.workqueue_retries_total', type=2, value=0.0, tags=['name:managed/clusterauth.eks.aws.upbound.io', 'pod:provider-aws-eks-b6c58cb2fbb7-7d58c7dd4b-qlx4f'], hostname='', device=None, flush_first_value=False)&#10;  0.63    MetricStub(name='uxp.workqueue_retries_total', type=2, value=0.0, tags=['name:defined/compositeresourcedefinition.apiextensions.crossplane.io', 'pod:crossplane-dd4b6cfd-dcf4l'], hostname='', device=None, flush_first_value=False)&#10;assert False">#x1B[1m#x1B[31mtests/test_upbound_uxp.py#x1B[0m:89: in test_check_more
    aggregator.assert_metric(#x1B[33m'#x1B[39;49;00m#x1B[33muxp.rest_client_requests_total#x1B[39;49;00m#x1B[33m'#x1B[39;49;00m)  #x1B[90m# count#x1B[39;49;00m#x1B[90m#x1B[39;49;00m
#x1B[1m#x1B[31m../../../Library/Application Support/hatch/env/virtual/datadog-upbound-uxp/Jq9hiD8n/py3.9/lib/python3.9/site-packages/datadog_checks/base/stubs/aggregator.py#x1B[0m:368: in assert_metric
    #x1B[96mself#x1B[39;49;00m._assert(condition, msg=msg, expected_stub=expected_metric, submitted_elements=#x1B[96mself#x1B[39;49;00m._metrics)#x1B[90m#x1B[39;49;00m
#x1B[1m#x1B[31m../../../Library/Application Support/hatch/env/virtual/datadog-upbound-uxp/Jq9hiD8n/py3.9/lib/python3.9/site-packages/datadog_checks/base/stubs/aggregator.py#x1B[0m:410: in _assert
    #x1B[94massert#x1B[39;49;00m condition, new_msg#x1B[90m#x1B[39;49;00m
#x1B[1m#x1B[31mE   AssertionError: Needed at least 1 candidates for 'uxp.rest_client_requests_total', got 0#x1B[0m
#x1B[1m#x1B[31mE     Expected:#x1B[0m
#x1B[1m#x1B[31mE             MetricStub(name='uxp.rest_client_requests_total', type=None, value=None, tags=None, hostname=None, device=None, flush_first_value=None)#x1B[0m
#x1B[1m#x1B[31mE     Similar submitted:#x1B[0m
#x1B[1m#x1B[31mE     Score   Most similar#x1B[0m
#x1B[1m#x1B[31mE     0.63    MetricStub(name='uxp.workqueue_retries_total', type=2, value=37.0, tags=['name:packages/providerrevision.pkg.crossplane.io', 'pod:crossplane-dd4b6cfd-dcf4l'], hostname='', device=None, flush_first_value=False)#x1B[0m
#x1B[1m#x1B[31mE     0.63    MetricStub(name='uxp.workqueue_retries_total', type=2, value=26.0, tags=['name:rbac/providerrevision.pkg.crossplane.io', 'pod:crossplane-rbac-manager-997f6667f-z2pft'], hostname='', device=None, flush_first_value=False)#x1B[0m
#x1B[1m#x1B[31mE     0.63    MetricStub(name='uxp.workqueue_retries_total', type=2, value=5.0, tags=['name:rbac/namespace', 'pod:crossplane-rbac-manager-997f6667f-z2pft'], hostname='', device=None, flush_first_value=False)#x1B[0m
#x1B[1m#x1B[31mE     0.63    MetricStub(name='uxp.workqueue_retries_total', type=2, value=2.0, tags=['name:packages/provider.pkg.crossplane.io', 'pod:crossplane-dd4b6cfd-dcf4l'], hostname='', device=None, flush_first_value=False)#x1B[0m
#x1B[1m#x1B[31mE     0.63    MetricStub(name='uxp.workqueue_retries_total', type=2, value=2.0, tags=['name:packages/lock.pkg.crossplane.io', 'pod:crossplane-dd4b6cfd-dcf4l'], hostname='', device=None, flush_first_value=False)#x1B[0m
#x1B[1m#x1B[31mE     0.63    MetricStub(name='uxp.workqueue_retries_total', type=2, value=0.0, tags=['name:revisions/composition.apiextensions.crossplane.io', 'pod:crossplane-dd4b6cfd-dcf4l'], hostname='', device=None, flush_first_value=False)#x1B[0m
#x1B[1m#x1B[31mE     0.63    MetricStub(name='uxp.workqueue_retries_total', type=2, value=0.0, tags=['name:rbac/compositeresourcedefinition.apiextensions.crossplane.io', 'pod:crossplane-rbac-manager-997f6667f-z2pft'], hostname='', device=None, flush_first_value=False)#x1B[0m
#x1B[1m#x1B[31mE     0.63    MetricStub(name='uxp.workqueue_retries_total', type=2, value=0.0, tags=['name:providerconfig/providerconfig.helm.crossplane.io', 'pod:provider-helm-503c3591121b-6897855d9b-hr2fw'], hostname='', device=None, flush_first_value=False)#x1B[0m
#x1B[1m#x1B[31mE     0.63    MetricStub(name='uxp.workqueue_retries_total', type=2, value=0.0, tags=['name:providerconfig/providerconfig.aws.upbound.io', 'pod:upbound-release-candidates-provider-family-aws-52a00789ffasz64p'], hostname='', device=None, flush_first_value=False)#x1B[0m
#x1B[1m#x1B[31mE     0.63    MetricStub(name='uxp.workqueue_retries_total', type=2, value=0.0, tags=['name:packages/configurationrevision.pkg.crossplane.io', 'pod:crossplane-dd4b6cfd-dcf4l'], hostname='', device=None, flush_first_value=False)#x1B[0m
#x1B[1m#x1B[31mE     0.63    MetricStub(name='uxp.workqueue_retries_total', type=2, value=0.0, tags=['name:packages/configuration.pkg.crossplane.io', 'pod:crossplane-dd4b6cfd-dcf4l'], hostname='', device=None, flush_first_value=False)#x1B[0m
#x1B[1m#x1B[31mE     0.63    MetricStub(name='uxp.workqueue_retries_total', type=2, value=0.0, tags=['name:offered/compositeresourcedefinition.apiextensions.crossplane.io', 'pod:crossplane-dd4b6cfd-dcf4l'], hostname='', device=None, flush_first_value=False)#x1B[0m
#x1B[1m#x1B[31mE     0.63    MetricStub(name='uxp.workqueue_retries_total', type=2, value=0.0, tags=['name:managed/release.helm.crossplane.io', 'pod:provider-helm-503c3591121b-6897855d9b-hr2fw'], hostname='', device=None, flush_first_value=False)#x1B[0m
#x1B[1m#x1B[31mE     0.63    MetricStub(name='uxp.workqueue_retries_total', type=2, value=0.0, tags=['name:managed/clusterauth.eks.aws.upbound.io', 'pod:provider-aws-eks-b6c58cb2fbb7-7d58c7dd4b-qlx4f'], hostname='', device=None, flush_first_value=False)#x1B[0m
#x1B[1m#x1B[31mE     0.63    MetricStub(name='uxp.workqueue_retries_total', type=2, value=0.0, tags=['name:defined/compositeresourcedefinition.apiextensions.crossplane.io', 'pod:crossplane-dd4b6cfd-dcf4l'], hostname='', device=None, flush_first_value=False)#x1B[0m
#x1B[1m#x1B[31mE   assert False#x1B[0m</failure></testcase><testcase classname="upbound_uxp.tests.test_upbound_uxp" name="test_emits_ok_service_check_when_service_is_up" time="2.268"><failure message="AssertionError: Needed at least 1 candidates for 'uxp.rest_client_requests_total', got 0&#10;  Expected:&#10;          MetricStub(name='uxp.rest_client_requests_total', type=None, value=None, tags=None, hostname=None, device=None, flush_first_value=None)&#10;  Similar submitted:&#10;  Score   Most similar&#10;  0.63    MetricStub(name='uxp.workqueue_retries_total', type=2, value=37.0, tags=['name:packages/providerrevision.pkg.crossplane.io', 'pod:crossplane-dd4b6cfd-dcf4l'], hostname='', device=None, flush_first_value=False)&#10;  0.63    MetricStub(name='uxp.workqueue_retries_total', type=2, value=26.0, tags=['name:rbac/providerrevision.pkg.crossplane.io', 'pod:crossplane-rbac-manager-997f6667f-z2pft'], hostname='', device=None, flush_first_value=False)&#10;  0.63    MetricStub(name='uxp.workqueue_retries_total', type=2, value=5.0, tags=['name:rbac/namespace', 'pod:crossplane-rbac-manager-997f6667f-z2pft'], hostname='', device=None, flush_first_value=False)&#10;  0.63    MetricStub(name='uxp.workqueue_retries_total', type=2, value=2.0, tags=['name:packages/provider.pkg.crossplane.io', 'pod:crossplane-dd4b6cfd-dcf4l'], hostname='', device=None, flush_first_value=False)&#10;  0.63    MetricStub(name='uxp.workqueue_retries_total', type=2, value=2.0, tags=['name:packages/lock.pkg.crossplane.io', 'pod:crossplane-dd4b6cfd-dcf4l'], hostname='', device=None, flush_first_value=False)&#10;  0.63    MetricStub(name='uxp.workqueue_retries_total', type=2, value=0.0, tags=['name:revisions/composition.apiextensions.crossplane.io', 'pod:crossplane-dd4b6cfd-dcf4l'], hostname='', device=None, flush_first_value=False)&#10;  0.63    MetricStub(name='uxp.workqueue_retries_total', type=2, value=0.0, tags=['name:rbac/compositeresourcedefinition.apiextensions.crossplane.io', 'pod:crossplane-rbac-manager-997f6667f-z2pft'], hostname='', device=None, flush_first_value=False)&#10;  0.63    MetricStub(name='uxp.workqueue_retries_total', type=2, value=0.0, tags=['name:providerconfig/providerconfig.helm.crossplane.io', 'pod:provider-helm-503c3591121b-6897855d9b-hr2fw'], hostname='', device=None, flush_first_value=False)&#10;  0.63    MetricStub(name='uxp.workqueue_retries_total', type=2, value=0.0, tags=['name:providerconfig/providerconfig.aws.upbound.io', 'pod:upbound-release-candidates-provider-family-aws-52a00789ffasz64p'], hostname='', device=None, flush_first_value=False)&#10;  0.63    MetricStub(name='uxp.workqueue_retries_total', type=2, value=0.0, tags=['name:packages/configurationrevision.pkg.crossplane.io', 'pod:crossplane-dd4b6cfd-dcf4l'], hostname='', device=None, flush_first_value=False)&#10;  0.63    MetricStub(name='uxp.workqueue_retries_total', type=2, value=0.0, tags=['name:packages/configuration.pkg.crossplane.io', 'pod:crossplane-dd4b6cfd-dcf4l'], hostname='', device=None, flush_first_value=False)&#10;  0.63    MetricStub(name='uxp.workqueue_retries_total', type=2, value=0.0, tags=['name:offered/compositeresourcedefinition.apiextensions.crossplane.io', 'pod:crossplane-dd4b6cfd-dcf4l'], hostname='', device=None, flush_first_value=False)&#10;  0.63    MetricStub(name='uxp.workqueue_retries_total', type=2, value=0.0, tags=['name:managed/release.helm.crossplane.io', 'pod:provider-helm-503c3591121b-6897855d9b-hr2fw'], hostname='', device=None, flush_first_value=False)&#10;  0.63    MetricStub(name='uxp.workqueue_retries_total', type=2, value=0.0, tags=['name:managed/clusterauth.eks.aws.upbound.io', 'pod:provider-aws-eks-b6c58cb2fbb7-7d58c7dd4b-qlx4f'], hostname='', device=None, flush_first_value=False)&#10;  0.63    MetricStub(name='uxp.workqueue_retries_total', type=2, value=0.0, tags=['name:defined/compositeresourcedefinition.apiextensions.crossplane.io', 'pod:crossplane-dd4b6cfd-dcf4l'], hostname='', device=None, flush_first_value=False)&#10;assert False">#x1B[1m#x1B[31mtests/test_upbound_uxp.py#x1B[0m:145: in test_emits_ok_service_check_when_service_is_up
    aggregator.assert_metric(#x1B[33m'#x1B[39;49;00m#x1B[33muxp.rest_client_requests_total#x1B[39;49;00m#x1B[33m'#x1B[39;49;00m)  #x1B[90m# count#x1B[39;49;00m#x1B[90m#x1B[39;49;00m
#x1B[1m#x1B[31m../../../Library/Application Support/hatch/env/virtual/datadog-upbound-uxp/Jq9hiD8n/py3.9/lib/python3.9/site-packages/datadog_checks/base/stubs/aggregator.py#x1B[0m:368: in assert_metric
    #x1B[96mself#x1B[39;49;00m._assert(condition, msg=msg, expected_stub=expected_metric, submitted_elements=#x1B[96mself#x1B[39;49;00m._metrics)#x1B[90m#x1B[39;49;00m
#x1B[1m#x1B[31m../../../Library/Application Support/hatch/env/virtual/datadog-upbound-uxp/Jq9hiD8n/py3.9/lib/python3.9/site-packages/datadog_checks/base/stubs/aggregator.py#x1B[0m:410: in _assert
    #x1B[94massert#x1B[39;49;00m condition, new_msg#x1B[90m#x1B[39;49;00m
#x1B[1m#x1B[31mE   AssertionError: Needed at least 1 candidates for 'uxp.rest_client_requests_total', got 0#x1B[0m
#x1B[1m#x1B[31mE     Expected:#x1B[0m
#x1B[1m#x1B[31mE             MetricStub(name='uxp.rest_client_requests_total', type=None, value=None, tags=None, hostname=None, device=None, flush_first_value=None)#x1B[0m
#x1B[1m#x1B[31mE     Similar submitted:#x1B[0m
#x1B[1m#x1B[31mE     Score   Most similar#x1B[0m
#x1B[1m#x1B[31mE     0.63    MetricStub(name='uxp.workqueue_retries_total', type=2, value=37.0, tags=['name:packages/providerrevision.pkg.crossplane.io', 'pod:crossplane-dd4b6cfd-dcf4l'], hostname='', device=None, flush_first_value=False)#x1B[0m
#x1B[1m#x1B[31mE     0.63    MetricStub(name='uxp.workqueue_retries_total', type=2, value=26.0, tags=['name:rbac/providerrevision.pkg.crossplane.io', 'pod:crossplane-rbac-manager-997f6667f-z2pft'], hostname='', device=None, flush_first_value=False)#x1B[0m
#x1B[1m#x1B[31mE     0.63    MetricStub(name='uxp.workqueue_retries_total', type=2, value=5.0, tags=['name:rbac/namespace', 'pod:crossplane-rbac-manager-997f6667f-z2pft'], hostname='', device=None, flush_first_value=False)#x1B[0m
#x1B[1m#x1B[31mE     0.63    MetricStub(name='uxp.workqueue_retries_total', type=2, value=2.0, tags=['name:packages/provider.pkg.crossplane.io', 'pod:crossplane-dd4b6cfd-dcf4l'], hostname='', device=None, flush_first_value=False)#x1B[0m
#x1B[1m#x1B[31mE     0.63    MetricStub(name='uxp.workqueue_retries_total', type=2, value=2.0, tags=['name:packages/lock.pkg.crossplane.io', 'pod:crossplane-dd4b6cfd-dcf4l'], hostname='', device=None, flush_first_value=False)#x1B[0m
#x1B[1m#x1B[31mE     0.63    MetricStub(name='uxp.workqueue_retries_total', type=2, value=0.0, tags=['name:revisions/composition.apiextensions.crossplane.io', 'pod:crossplane-dd4b6cfd-dcf4l'], hostname='', device=None, flush_first_value=False)#x1B[0m
#x1B[1m#x1B[31mE     0.63    MetricStub(name='uxp.workqueue_retries_total', type=2, value=0.0, tags=['name:rbac/compositeresourcedefinition.apiextensions.crossplane.io', 'pod:crossplane-rbac-manager-997f6667f-z2pft'], hostname='', device=None, flush_first_value=False)#x1B[0m
#x1B[1m#x1B[31mE     0.63    MetricStub(name='uxp.workqueue_retries_total', type=2, value=0.0, tags=['name:providerconfig/providerconfig.helm.crossplane.io', 'pod:provider-helm-503c3591121b-6897855d9b-hr2fw'], hostname='', device=None, flush_first_value=False)#x1B[0m
#x1B[1m#x1B[31mE     0.63    MetricStub(name='uxp.workqueue_retries_total', type=2, value=0.0, tags=['name:providerconfig/providerconfig.aws.upbound.io', 'pod:upbound-release-candidates-provider-family-aws-52a00789ffasz64p'], hostname='', device=None, flush_first_value=False)#x1B[0m
#x1B[1m#x1B[31mE     0.63    MetricStub(name='uxp.workqueue_retries_total', type=2, value=0.0, tags=['name:packages/configurationrevision.pkg.crossplane.io', 'pod:crossplane-dd4b6cfd-dcf4l'], hostname='', device=None, flush_first_value=False)#x1B[0m
#x1B[1m#x1B[31mE     0.63    MetricStub(name='uxp.workqueue_retries_total', type=2, value=0.0, tags=['name:packages/configuration.pkg.crossplane.io', 'pod:crossplane-dd4b6cfd-dcf4l'], hostname='', device=None, flush_first_value=False)#x1B[0m
#x1B[1m#x1B[31mE     0.63    MetricStub(name='uxp.workqueue_retries_total', type=2, value=0.0, tags=['name:offered/compositeresourcedefinition.apiextensions.crossplane.io', 'pod:crossplane-dd4b6cfd-dcf4l'], hostname='', device=None, flush_first_value=False)#x1B[0m
#x1B[1m#x1B[31mE     0.63    MetricStub(name='uxp.workqueue_retries_total', type=2, value=0.0, tags=['name:managed/release.helm.crossplane.io', 'pod:provider-helm-503c3591121b-6897855d9b-hr2fw'], hostname='', device=None, flush_first_value=False)#x1B[0m
#x1B[1m#x1B[31mE     0.63    MetricStub(name='uxp.workqueue_retries_total', type=2, value=0.0, tags=['name:managed/clusterauth.eks.aws.upbound.io', 'pod:provider-aws-eks-b6c58cb2fbb7-7d58c7dd4b-qlx4f'], hostname='', device=None, flush_first_value=False)#x1B[0m
#x1B[1m#x1B[31mE     0.63    MetricStub(name='uxp.workqueue_retries_total', type=2, value=0.0, tags=['name:defined/compositeresourcedefinition.apiextensions.crossplane.io', 'pod:crossplane-dd4b6cfd-dcf4l'], hostname='', device=None, flush_first_value=False)#x1B[0m
#x1B[1m#x1B[31mE   assert False#x1B[0m</failure></testcase><testcase classname="upbound_uxp.tests.test_upbound_uxp" name="test_emits_critical_service_check_when_service_is_down" time="0.571" /></testsuite></testsuites>